c:\users\songh\onedrive\desktop\godseven-main\godseven-main\project_godseven\project_godseven\x64\debug\vc143.pdb
c:\users\songh\onedrive\desktop\godseven-main\godseven-main\project_godseven\project_godseven\x64\debug\vc143.idb
c:\users\songh\onedrive\desktop\godseven-main\godseven-main\project_godseven\project_godseven\x64\debug\monster.obj
c:\users\songh\onedrive\desktop\godseven-main\godseven-main\project_godseven\project_godseven\x64\debug\main.obj
c:\users\songh\onedrive\desktop\godseven-main\godseven-main\project_godseven\project_godseven\x64\debug\item.obj
c:\users\songh\onedrive\desktop\godseven-main\godseven-main\project_godseven\project_godseven\x64\debug\gamemanager.obj
c:\users\songh\onedrive\desktop\godseven-main\godseven-main\project_godseven\project_godseven\x64\debug\dragonvisaul.obj
c:\users\songh\onedrive\desktop\godseven-main\godseven-main\project_godseven\project_godseven\x64\debug\dragonanimation.obj
c:\users\songh\onedrive\desktop\godseven-main\godseven-main\project_godseven\project_godseven\x64\debug\character.obj
c:\users\songh\onedrive\desktop\godseven-main\godseven-main\project_godseven\project_godseven\x64\debug\boss.obj
c:\users\songh\onedrive\desktop\godseven-main\godseven-main\project_godseven\project_godseven\x64\debug\project_godseven.ilk
c:\users\songh\onedrive\desktop\godseven-main\godseven-main\project_godseven\x64\debug\project_godseven.pdb
c:\users\songh\onedrive\desktop\godseven-main\godseven-main\project_godseven\x64\debug\project_godseven.exe
c:\users\songh\onedrive\desktop\godseven-main\godseven-main\project_godseven\project_godseven\x64\debug\project_godseven.tlog\cl.command.1.tlog
c:\users\songh\onedrive\desktop\godseven-main\godseven-main\project_godseven\project_godseven\x64\debug\project_godseven.tlog\cl.items.tlog
c:\users\songh\onedrive\desktop\godseven-main\godseven-main\project_godseven\project_godseven\x64\debug\project_godseven.tlog\cl.read.1.tlog
c:\users\songh\onedrive\desktop\godseven-main\godseven-main\project_godseven\project_godseven\x64\debug\project_godseven.tlog\cl.write.1.tlog
c:\users\songh\onedrive\desktop\godseven-main\godseven-main\project_godseven\project_godseven\x64\debug\project_godseven.tlog\link.command.1.tlog
c:\users\songh\onedrive\desktop\godseven-main\godseven-main\project_godseven\project_godseven\x64\debug\project_godseven.tlog\link.read.1.tlog
c:\users\songh\onedrive\desktop\godseven-main\godseven-main\project_godseven\project_godseven\x64\debug\project_godseven.tlog\link.secondary.1.tlog
c:\users\songh\onedrive\desktop\godseven-main\godseven-main\project_godseven\project_godseven\x64\debug\project_godseven.tlog\link.write.1.tlog
